[0m23:05:13.143581 [debug] [MainThread]: Sending event: {'category': 'dbt', 'action': 'invocation', 'label': 'start', 'context': [<snowplow_tracker.self_describing_json.SelfDescribingJson object at 0x000001DC36686CF0>, <snowplow_tracker.self_describing_json.SelfDescribingJson object at 0x000001DC38DD30E0>, <snowplow_tracker.self_describing_json.SelfDescribingJson object at 0x000001DC395ED6D0>]}


============================== 23:05:13.143581 | b1edbc81-efa3-4911-8667-2dcacbcccc47 ==============================
[0m23:05:13.143581 [info ] [MainThread]: Running with dbt=1.10.13
[0m23:05:13.143581 [debug] [MainThread]: running dbt with arguments {'partial_parse': 'True', 'write_json': 'True', 'send_anonymous_usage_stats': 'True', 'warn_error': 'None', 'cache_selected_only': 'False', 'target_path': 'None', 'use_colors': 'True', 'invocation_command': 'dbt init', 'log_format': 'default', 'version_check': 'True', 'introspect': 'True', 'debug': 'False', 'log_cache_events': 'False', 'fail_fast': 'False', 'no_print': 'None', 'use_experimental_parser': 'False', 'printer_width': '80', 'empty': 'None', 'quiet': 'False', 'indirect_selection': 'eager', 'log_path': 'logs', 'profiles_dir': 'C:\\Users\\Mateusz\\Desktop\\projekty\\sumup-challenge\\.dbt', 'static_parser': 'True', 'warn_error_options': 'WarnErrorOptionsV2(error=[], warn=[], silence=[])'}
[0m23:05:13.192394 [info ] [MainThread]: Creating dbt configuration folder at C:\Users\Mateusz\Desktop\projekty\sumup-challenge\.dbt
[0m23:05:24.572243 [debug] [MainThread]: Starter project path: C:\Users\Mateusz\Desktop\projekty\sumup-challenge\.venv\Lib\site-packages\dbt\include\starter_project
[0m23:05:24.609646 [info ] [MainThread]: 
Your new dbt project "sumup_challenge" was created!

For more information on how to configure the profiles.yml file,
please consult the dbt documentation here:

  https://docs.getdbt.com/docs/configure-your-profile

One more thing:

Need help? Don't hesitate to reach out to us via GitHub issues or on Slack:

  https://community.getdbt.com/

Happy modeling!

[0m23:05:24.609646 [info ] [MainThread]: Setting up your profile.
[0m23:05:27.161316 [info ] [MainThread]: Profile sumup_challenge written to C:\Users\Mateusz\Desktop\projekty\sumup-challenge\.dbt\profiles.yml using target's sample configuration. Once updated, you'll be able to start developing with dbt.
[0m23:05:27.161316 [debug] [MainThread]: Command `dbt init` succeeded at 23:05:27.161316 after 14.18 seconds
[0m23:05:27.161316 [debug] [MainThread]: Sending event: {'category': 'dbt', 'action': 'invocation', 'label': 'end', 'context': [<snowplow_tracker.self_describing_json.SelfDescribingJson object at 0x000001DC393E4E60>, <snowplow_tracker.self_describing_json.SelfDescribingJson object at 0x000001DC3A9F42F0>, <snowplow_tracker.self_describing_json.SelfDescribingJson object at 0x000001DC399BA000>]}
[0m23:05:27.161316 [debug] [MainThread]: Flushing usage events
[0m23:05:28.154806 [debug] [MainThread]: An error was encountered while trying to flush usage events
[0m23:12:34.526028 [debug] [MainThread]: Sending event: {'category': 'dbt', 'action': 'invocation', 'label': 'start', 'context': [<snowplow_tracker.self_describing_json.SelfDescribingJson object at 0x000001BB3D1E23C0>, <snowplow_tracker.self_describing_json.SelfDescribingJson object at 0x000001BB3CE2CA70>, <snowplow_tracker.self_describing_json.SelfDescribingJson object at 0x000001BB39D3F770>]}


============================== 23:12:34.526028 | aed02e0c-d68c-427b-a204-487419a4915e ==============================
[0m23:12:34.526028 [info ] [MainThread]: Running with dbt=1.10.13
[0m23:12:34.526028 [debug] [MainThread]: running dbt with arguments {'partial_parse': 'True', 'write_json': 'True', 'send_anonymous_usage_stats': 'True', 'version_check': 'True', 'cache_selected_only': 'False', 'target_path': 'None', 'warn_error': 'None', 'invocation_command': 'dbt debug', 'log_format': 'default', 'use_colors': 'True', 'introspect': 'True', 'debug': 'False', 'log_cache_events': 'False', 'fail_fast': 'False', 'no_print': 'None', 'use_experimental_parser': 'False', 'quiet': 'False', 'printer_width': '80', 'empty': 'None', 'log_path': 'logs', 'indirect_selection': 'eager', 'profiles_dir': 'C:\\Users\\Mateusz\\Desktop\\projekty\\sumup-challenge\\.dbt', 'static_parser': 'True', 'warn_error_options': 'WarnErrorOptionsV2(error=[], warn=[], silence=[])'}
[0m23:12:34.552370 [info ] [MainThread]: dbt version: 1.10.13
[0m23:12:34.552370 [info ] [MainThread]: python version: 3.12.3
[0m23:12:34.564883 [info ] [MainThread]: python path: C:\Users\Mateusz\Desktop\projekty\sumup-challenge\.venv\Scripts\python.exe
[0m23:12:34.564883 [info ] [MainThread]: os info: Windows-11-10.0.26100-SP0
[0m23:12:34.707964 [info ] [MainThread]: Using profiles dir at C:\Users\Mateusz\Desktop\projekty\sumup-challenge\.dbt
[0m23:12:34.707964 [info ] [MainThread]: Using profiles.yml file at C:\Users\Mateusz\Desktop\projekty\sumup-challenge\.dbt\profiles.yml
[0m23:12:34.707964 [info ] [MainThread]: Using dbt_project.yml file at C:\Users\Mateusz\Desktop\projekty\sumup-challenge\dbt_project.yml
[0m23:12:34.729314 [info ] [MainThread]: adapter type: duckdb
[0m23:12:34.730634 [info ] [MainThread]: adapter version: 1.9.6
[0m23:12:34.730634 [info ] [MainThread]: Configuration:
[0m23:12:34.731647 [info ] [MainThread]:   profiles.yml file [[32mOK found and valid[0m]
[0m23:12:34.732647 [info ] [MainThread]:   dbt_project.yml file [[31mERROR not found[0m]
[0m23:12:34.733648 [info ] [MainThread]: Required dependencies:
[0m23:12:34.733648 [debug] [MainThread]: Executing "git --help"
[0m23:12:34.771502 [debug] [MainThread]: STDOUT: "b"usage: git [-v | --version] [-h | --help] [-C <path>] [-c <name>=<value>]\n           [--exec-path[=<path>]] [--html-path] [--man-path] [--info-path]\n           [-p | --paginate | -P | --no-pager] [--no-replace-objects] [--bare]\n           [--git-dir=<path>] [--work-tree=<path>] [--namespace=<name>]\n           [--config-env=<name>=<envvar>] <command> [<args>]\n\nThese are common Git commands used in various situations:\n\nstart a working area (see also: git help tutorial)\n   clone     Clone a repository into a new directory\n   init      Create an empty Git repository or reinitialize an existing one\n\nwork on the current change (see also: git help everyday)\n   add       Add file contents to the index\n   mv        Move or rename a file, a directory, or a symlink\n   restore   Restore working tree files\n   rm        Remove files from the working tree and from the index\n\nexamine the history and state (see also: git help revisions)\n   bisect    Use binary search to find the commit that introduced a bug\n   diff      Show changes between commits, commit and working tree, etc\n   grep      Print lines matching a pattern\n   log       Show commit logs\n   show      Show various types of objects\n   status    Show the working tree status\n\ngrow, mark and tweak your common history\n   branch    List, create, or delete branches\n   commit    Record changes to the repository\n   merge     Join two or more development histories together\n   rebase    Reapply commits on top of another base tip\n   reset     Reset current HEAD to the specified state\n   switch    Switch branches\n   tag       Create, list, delete or verify a tag object signed with GPG\n\ncollaborate (see also: git help workflows)\n   fetch     Download objects and refs from another repository\n   pull      Fetch from and integrate with another repository or a local branch\n   push      Update remote refs along with associated objects\n\n'git help -a' and 'git help -g' list available subcommands and some\nconcept guides. See 'git help <command>' or 'git help <concept>'\nto read about a specific subcommand or concept.\nSee 'git help git' for an overview of the system.\n""
[0m23:12:34.771502 [debug] [MainThread]: STDERR: "b''"
[0m23:12:34.771502 [info ] [MainThread]:  - git [[32mOK found[0m]

[0m23:12:34.771502 [info ] [MainThread]: Connection:
[0m23:12:34.771502 [info ] [MainThread]:   database: dev
[0m23:12:34.771502 [info ] [MainThread]:   schema: main
[0m23:12:34.781857 [info ] [MainThread]:   path: dev.duckdb
[0m23:12:34.781857 [info ] [MainThread]:   config_options: None
[0m23:12:34.781857 [info ] [MainThread]:   extensions: None
[0m23:12:34.781857 [info ] [MainThread]:   settings: {}
[0m23:12:34.781857 [info ] [MainThread]:   external_root: .
[0m23:12:34.781857 [info ] [MainThread]:   use_credential_provider: None
[0m23:12:34.781857 [info ] [MainThread]:   attach: None
[0m23:12:34.781857 [info ] [MainThread]:   filesystems: None
[0m23:12:34.788479 [info ] [MainThread]:   remote: None
[0m23:12:34.788479 [info ] [MainThread]:   plugins: None
[0m23:12:34.789399 [info ] [MainThread]:   disable_transactions: False
[0m23:12:34.789399 [info ] [MainThread]: Registered adapter: duckdb=1.9.6
[0m23:12:35.127969 [debug] [MainThread]: Acquiring new duckdb connection 'debug'
[0m23:12:38.469249 [debug] [MainThread]: Using duckdb connection "debug"
[0m23:12:38.469249 [debug] [MainThread]: On debug: select 1 as id
[0m23:12:38.471254 [debug] [MainThread]: Opening a new connection, currently in state init
[0m23:12:38.494787 [debug] [MainThread]: SQL status: OK in 0.031 seconds
[0m23:12:38.494787 [debug] [MainThread]: On debug: Close
[0m23:12:38.494787 [info ] [MainThread]:   Connection test: [[32mOK connection ok[0m]

[0m23:12:38.494787 [info ] [MainThread]: [31m1 check failed:[0m
[0m23:12:38.504857 [info ] [MainThread]: Project loading failed for the following reason:
 project path <C:\Users\Mateusz\Desktop\projekty\sumup-challenge\dbt_project.yml> not found

[0m23:12:38.504857 [debug] [MainThread]: Command `dbt debug` failed at 23:12:38.504857 after 4.14 seconds
[0m23:12:38.504857 [debug] [MainThread]: Connection 'debug' was properly closed.
[0m23:12:38.504857 [debug] [MainThread]: Sending event: {'category': 'dbt', 'action': 'invocation', 'label': 'end', 'context': [<snowplow_tracker.self_describing_json.SelfDescribingJson object at 0x000001BB3D82F110>, <snowplow_tracker.self_describing_json.SelfDescribingJson object at 0x000001BB3D56D1F0>, <snowplow_tracker.self_describing_json.SelfDescribingJson object at 0x000001BB3D0A1CA0>]}
[0m23:12:38.504857 [debug] [MainThread]: Flushing usage events
[0m23:12:39.439908 [debug] [MainThread]: An error was encountered while trying to flush usage events
[0m23:13:14.027666 [debug] [MainThread]: Sending event: {'category': 'dbt', 'action': 'invocation', 'label': 'start', 'context': [<snowplow_tracker.self_describing_json.SelfDescribingJson object at 0x0000025201EFD6A0>, <snowplow_tracker.self_describing_json.SelfDescribingJson object at 0x000002527FDD6A20>, <snowplow_tracker.self_describing_json.SelfDescribingJson object at 0x00000252024ACF20>]}


============================== 23:13:14.033618 | 0ec37188-5ec6-41f3-8c81-0026c06f927c ==============================
[0m23:13:14.033618 [info ] [MainThread]: Running with dbt=1.10.13
[0m23:13:14.033618 [debug] [MainThread]: running dbt with arguments {'partial_parse': 'True', 'static_parser': 'True', 'send_anonymous_usage_stats': 'True', 'warn_error': 'None', 'cache_selected_only': 'False', 'target_path': 'None', 'use_colors': 'True', 'invocation_command': 'dbt debug', 'log_format': 'default', 'version_check': 'True', 'introspect': 'True', 'debug': 'False', 'log_cache_events': 'False', 'fail_fast': 'False', 'no_print': 'None', 'quiet': 'False', 'empty': 'None', 'use_experimental_parser': 'False', 'printer_width': '80', 'indirect_selection': 'eager', 'log_path': 'logs', 'write_json': 'True', 'warn_error_options': 'WarnErrorOptionsV2(error=[], warn=[], silence=[])', 'profiles_dir': 'C:\\Users\\Mateusz\\Desktop\\projekty\\sumup-challenge\\.dbt'}
[0m23:13:14.056096 [info ] [MainThread]: dbt version: 1.10.13
[0m23:13:14.064986 [info ] [MainThread]: python version: 3.12.3
[0m23:13:14.065994 [info ] [MainThread]: python path: C:\Users\Mateusz\Desktop\projekty\sumup-challenge\.venv\Scripts\python.exe
[0m23:13:14.065994 [info ] [MainThread]: os info: Windows-11-10.0.26100-SP0
[0m23:13:14.197758 [info ] [MainThread]: Using profiles dir at C:\Users\Mateusz\Desktop\projekty\sumup-challenge\.dbt
[0m23:13:14.197758 [info ] [MainThread]: Using profiles.yml file at C:\Users\Mateusz\Desktop\projekty\sumup-challenge\.dbt\profiles.yml
[0m23:13:14.197758 [info ] [MainThread]: Using dbt_project.yml file at C:\Users\Mateusz\Desktop\projekty\sumup-challenge\dbt_project.yml
[0m23:13:14.197758 [info ] [MainThread]: adapter type: duckdb
[0m23:13:14.197758 [info ] [MainThread]: adapter version: 1.9.6
[0m23:13:14.197758 [info ] [MainThread]: Configuration:
[0m23:13:14.207966 [info ] [MainThread]:   profiles.yml file [[32mOK found and valid[0m]
[0m23:13:14.207966 [info ] [MainThread]:   dbt_project.yml file [[31mERROR not found[0m]
[0m23:13:14.208974 [info ] [MainThread]: Required dependencies:
[0m23:13:14.209973 [debug] [MainThread]: Executing "git --help"
[0m23:13:14.249404 [debug] [MainThread]: STDOUT: "b"usage: git [-v | --version] [-h | --help] [-C <path>] [-c <name>=<value>]\n           [--exec-path[=<path>]] [--html-path] [--man-path] [--info-path]\n           [-p | --paginate | -P | --no-pager] [--no-replace-objects] [--bare]\n           [--git-dir=<path>] [--work-tree=<path>] [--namespace=<name>]\n           [--config-env=<name>=<envvar>] <command> [<args>]\n\nThese are common Git commands used in various situations:\n\nstart a working area (see also: git help tutorial)\n   clone     Clone a repository into a new directory\n   init      Create an empty Git repository or reinitialize an existing one\n\nwork on the current change (see also: git help everyday)\n   add       Add file contents to the index\n   mv        Move or rename a file, a directory, or a symlink\n   restore   Restore working tree files\n   rm        Remove files from the working tree and from the index\n\nexamine the history and state (see also: git help revisions)\n   bisect    Use binary search to find the commit that introduced a bug\n   diff      Show changes between commits, commit and working tree, etc\n   grep      Print lines matching a pattern\n   log       Show commit logs\n   show      Show various types of objects\n   status    Show the working tree status\n\ngrow, mark and tweak your common history\n   branch    List, create, or delete branches\n   commit    Record changes to the repository\n   merge     Join two or more development histories together\n   rebase    Reapply commits on top of another base tip\n   reset     Reset current HEAD to the specified state\n   switch    Switch branches\n   tag       Create, list, delete or verify a tag object signed with GPG\n\ncollaborate (see also: git help workflows)\n   fetch     Download objects and refs from another repository\n   pull      Fetch from and integrate with another repository or a local branch\n   push      Update remote refs along with associated objects\n\n'git help -a' and 'git help -g' list available subcommands and some\nconcept guides. See 'git help <command>' or 'git help <concept>'\nto read about a specific subcommand or concept.\nSee 'git help git' for an overview of the system.\n""
[0m23:13:14.249404 [debug] [MainThread]: STDERR: "b''"
[0m23:13:14.249404 [info ] [MainThread]:  - git [[32mOK found[0m]

[0m23:13:14.249404 [info ] [MainThread]: Connection:
[0m23:13:14.249404 [info ] [MainThread]:   database: dev
[0m23:13:14.249404 [info ] [MainThread]:   schema: main
[0m23:13:14.249404 [info ] [MainThread]:   path: dev.duckdb
[0m23:13:14.249404 [info ] [MainThread]:   config_options: None
[0m23:13:14.249404 [info ] [MainThread]:   extensions: None
[0m23:13:14.249404 [info ] [MainThread]:   settings: {}
[0m23:13:14.249404 [info ] [MainThread]:   external_root: .
[0m23:13:14.249404 [info ] [MainThread]:   use_credential_provider: None
[0m23:13:14.249404 [info ] [MainThread]:   attach: None
[0m23:13:14.261350 [info ] [MainThread]:   filesystems: None
[0m23:13:14.261350 [info ] [MainThread]:   remote: None
[0m23:13:14.262373 [info ] [MainThread]:   plugins: None
[0m23:13:14.263357 [info ] [MainThread]:   disable_transactions: False
[0m23:13:14.263357 [info ] [MainThread]: Registered adapter: duckdb=1.9.6
[0m23:13:14.571797 [debug] [MainThread]: Acquiring new duckdb connection 'debug'
[0m23:13:14.645684 [debug] [MainThread]: Using duckdb connection "debug"
[0m23:13:14.645684 [debug] [MainThread]: On debug: select 1 as id
[0m23:13:14.645684 [debug] [MainThread]: Opening a new connection, currently in state init
[0m23:13:14.666787 [debug] [MainThread]: SQL status: OK in 0.029 seconds
[0m23:13:14.666787 [debug] [MainThread]: On debug: Close
[0m23:13:14.666787 [info ] [MainThread]:   Connection test: [[32mOK connection ok[0m]

[0m23:13:14.666787 [info ] [MainThread]: [31m1 check failed:[0m
[0m23:13:14.666787 [info ] [MainThread]: Project loading failed for the following reason:
 project path <C:\Users\Mateusz\Desktop\projekty\sumup-challenge\dbt_project.yml> not found

[0m23:13:14.682668 [debug] [MainThread]: Command `dbt debug` failed at 23:13:14.682668 after 0.82 seconds
[0m23:13:14.682668 [debug] [MainThread]: Connection 'debug' was properly closed.
[0m23:13:14.682668 [debug] [MainThread]: Sending event: {'category': 'dbt', 'action': 'invocation', 'label': 'end', 'context': [<snowplow_tracker.self_describing_json.SelfDescribingJson object at 0x00000252008D40E0>, <snowplow_tracker.self_describing_json.SelfDescribingJson object at 0x000002520442CA70>, <snowplow_tracker.self_describing_json.SelfDescribingJson object at 0x000002520294DE50>]}
[0m23:13:14.682668 [debug] [MainThread]: Flushing usage events
[0m23:13:15.602837 [debug] [MainThread]: An error was encountered while trying to flush usage events
